# JRE version: OpenJDK Runtime Environment Temurin-21.0.9+10 (21.0.9+10) (build 21.0.9+10-LTS)
# Java VM: OpenJDK 64-Bit Server VM Temurin-21.0.9+10 (21.0.9+10-LTS, mixed mode, sharing, tiered, compressed oops, compressed class ptrs, parallel gc, windows-amd64)
GC Precious Log:
 CardTable entry size: 512
 CPUs: 8 total, 8 available
 Memory: 32683M
 Large Page Support: Disabled
 NUMA Support: Disabled
 Compressed Oops: Enabled (32-bit)
 Alignments: Space 512K, Generation 512K, Heap 2M
 Heap Min Capacity: 100M
 Heap Initial Capacity: 100M
 Heap Max Capacity: 2G
 Pre-touch: Disabled
 Parallel Workers: 8
Heap:
 PSYoungGen      total 4608K, used 1545K [0x00000000d5580000, 0x00000000d5d00000, 0x0000000100000000)
  eden space 4096K, 32% used [0x00000000d5580000,0x00000000d56ca4b8,0x00000000d5980000)
  from space 512K, 43% used [0x00000000d5c80000,0x00000000d5cb8000,0x00000000d5d00000)
  to   space 512K, 0% used [0x00000000d5c00000,0x00000000d5c00000,0x00000000d5c80000)
 ParOldGen       total 418304K, used 418004K [0x0000000080000000, 0x0000000099880000, 0x00000000d5580000)
  object space 418304K, 99% used [0x0000000080000000,0x0000000099835150,0x0000000099880000)
 Metaspace       used 84426K, committed 86080K, reserved 1179648K
  class space    used 8172K, committed 8896K, reserved 1048576K
GC Heap History (20 events):
Event: 24927.032 GC heap before
{Heap before GC invocations=6328 (full 8):
 PSYoungGen      total 3584K, used 3570K [0x00000000d5580000, 0x00000000d5b80000, 0x0000000100000000)
  eden space 3072K, 100% used [0x00000000d5580000,0x00000000d5880000,0x00000000d5880000)
  from space 512K, 97% used [0x00000000d5a00000,0x00000000d5a7cb20,0x00000000d5a80000)
  to   space 1536K, 0% used [0x00000000d5880000,0x00000000d5880000,0x00000000d5a00000)
 ParOldGen       total 398848K, used 398449K [0x0000000080000000, 0x0000000098580000, 0x00000000d5580000)
  object space 398848K, 99% used [0x0000000080000000,0x000000009851c7d8,0x0000000098580000)
 Metaspace       used 84423K, committed 86080K, reserved 1179648K
  class space    used 8172K, committed 8896K, reserved 1048576K
}
Event: 24927.034 GC heap after
{Heap after GC invocations=6328 (full 8):
 PSYoungGen      total 4608K, used 1536K [0x00000000d5580000, 0x00000000d6080000, 0x0000000100000000)
  eden space 3072K, 0% used [0x00000000d5580000,0x00000000d5580000,0x00000000d5880000)
  from space 1536K, 100% used [0x00000000d5880000,0x00000000d5a00000,0x00000000d5a00000)
  to   space 3584K, 0% used [0x00000000d5d00000,0x00000000d5d00000,0x00000000d6080000)
 ParOldGen       total 399872K, used 399792K [0x0000000080000000, 0x0000000098680000, 0x00000000d5580000)
  object space 399872K, 99% used [0x0000000080000000,0x000000009866c308,0x0000000098680000)
 Metaspace       used 84423K, committed 86080K, reserved 1179648K
  class space    used 8172K, committed 8896K, reserved 1048576K
}
Event: 24927.042 GC heap before
{Heap before GC invocations=6329 (full 8):
 PSYoungGen      total 4608K, used 4608K [0x00000000d5580000, 0x00000000d6080000, 0x0000000100000000)
  eden space 3072K, 100% used [0x00000000d5580000,0x00000000d5880000,0x00000000d5880000)
  from space 1536K, 100% used [0x00000000d5880000,0x00000000d5a00000,0x00000000d5a00000)
  to   space 3584K, 0% used [0x00000000d5d00000,0x00000000d5d00000,0x00000000d6080000)
 ParOldGen       total 399872K, used 399792K [0x0000000080000000, 0x0000000098680000, 0x00000000d5580000)
  object space 399872K, 99% used [0x0000000080000000,0x000000009866c308,0x0000000098680000)
 Metaspace       used 84423K, committed 86080K, reserved 1179648K
  class space    used 8172K, committed 8896K, reserved 1048576K
}
Event: 24927.045 GC heap after
{Heap after GC invocations=6329 (full 8):
 PSYoungGen      total 7680K, used 3040K [0x00000000d5580000, 0x00000000d6080000, 0x0000000100000000)
  eden space 4096K, 0% used [0x00000000d5580000,0x00000000d5580000,0x00000000d5980000)
  from space 3584K, 84% used [0x00000000d5d00000,0x00000000d5ff8000,0x00000000d6080000)
  to   space 3584K, 0% used [0x00000000d5980000,0x00000000d5980000,0x00000000d5d00000)
 ParOldGen       total 401408K, used 401372K [0x0000000080000000, 0x0000000098800000, 0x00000000d5580000)
  object space 401408K, 99% used [0x0000000080000000,0x00000000987f7318,0x0000000098800000)
 Metaspace       used 84423K, committed 86080K, reserved 1179648K
  class space    used 8172K, committed 8896K, reserved 1048576K
}
Event: 24927.064 GC heap before
{Heap before GC invocations=6330 (full 8):
 PSYoungGen      total 7680K, used 7136K [0x00000000d5580000, 0x00000000d6080000, 0x0000000100000000)
  eden space 4096K, 100% used [0x00000000d5580000,0x00000000d5980000,0x00000000d5980000)
  from space 3584K, 84% used [0x00000000d5d00000,0x00000000d5ff8000,0x00000000d6080000)
  to   space 3584K, 0% used [0x00000000d5980000,0x00000000d5980000,0x00000000d5d00000)
 ParOldGen       total 401408K, used 401372K [0x0000000080000000, 0x0000000098800000, 0x00000000d5580000)
  object space 401408K, 99% used [0x0000000080000000,0x00000000987f7318,0x0000000098800000)
 Metaspace       used 84423K, committed 86080K, reserved 1179648K
  class space    used 8172K, committed 8896K, reserved 1048576K
}
Event: 24927.070 GC heap after
{Heap after GC invocations=6330 (full 8):
 PSYoungGen      total 7680K, used 3240K [0x00000000d5580000, 0x00000000d6180000, 0x0000000100000000)
  eden space 4096K, 0% used [0x00000000d5580000,0x00000000d5580000,0x00000000d5980000)
  from space 3584K, 90% used [0x00000000d5980000,0x00000000d5caa000,0x00000000d5d00000)
  to   space 3584K, 0% used [0x00000000d5e00000,0x00000000d5e00000,0x00000000d6180000)
 ParOldGen       total 404480K, used 404324K [0x0000000080000000, 0x0000000098b00000, 0x00000000d5580000)
  object space 404480K, 99% used [0x0000000080000000,0x0000000098ad9318,0x0000000098b00000)
 Metaspace       used 84423K, committed 86080K, reserved 1179648K
  class space    used 8172K, committed 8896K, reserved 1048576K
}
Event: 24927.124 GC heap before
{Heap before GC invocations=6331 (full 8):
 PSYoungGen      total 7680K, used 7001K [0x00000000d5580000, 0x00000000d6180000, 0x0000000100000000)
  eden space 4096K, 91% used [0x00000000d5580000,0x00000000d592c7d8,0x00000000d5980000)
  from space 3584K, 90% used [0x00000000d5980000,0x00000000d5caa000,0x00000000d5d00000)
  to   space 3584K, 0% used [0x00000000d5e00000,0x00000000d5e00000,0x00000000d6180000)
 ParOldGen       total 404480K, used 404324K [0x0000000080000000, 0x0000000098b00000, 0x00000000d5580000)
  object space 404480K, 99% used [0x0000000080000000,0x0000000098ad9318,0x0000000098b00000)
 Metaspace       used 84423K, committed 86080K, reserved 1179648K
  class space    used 8172K, committed 8896K, reserved 1048576K
}
Event: 24927.129 GC heap after
{Heap after GC invocations=6331 (full 8):
 PSYoungGen      total 6656K, used 2103K [0x00000000d5580000, 0x00000000d6080000, 0x0000000100000000)
  eden space 4096K, 0% used [0x00000000d5580000,0x00000000d5580000,0x00000000d5980000)
  from space 2560K, 82% used [0x00000000d5e00000,0x00000000d600dd90,0x00000000d6080000)
  to   space 2560K, 0% used [0x00000000d5b80000,0x00000000d5b80000,0x00000000d5e00000)
 ParOldGen       total 407040K, used 406892K [0x0000000080000000, 0x0000000098d80000, 0x00000000d5580000)
  object space 407040K, 99% used [0x0000000080000000,0x0000000098d5b318,0x0000000098d80000)
 Metaspace       used 84423K, committed 86080K, reserved 1179648K
  class space    used 8172K, committed 8896K, reserved 1048576K
}
Event: 24927.142 GC heap before
{Heap before GC invocations=6332 (full 8):
 PSYoungGen      total 6656K, used 5905K [0x00000000d5580000, 0x00000000d6080000, 0x0000000100000000)
  eden space 4096K, 92% used [0x00000000d5580000,0x00000000d5936858,0x00000000d5980000)
  from space 2560K, 82% used [0x00000000d5e00000,0x00000000d600dd90,0x00000000d6080000)
  to   space 2560K, 0% used [0x00000000d5b80000,0x00000000d5b80000,0x00000000d5e00000)
 ParOldGen       total 407040K, used 406892K [0x0000000080000000, 0x0000000098d80000, 0x00000000d5580000)
  object space 407040K, 99% used [0x0000000080000000,0x0000000098d5b318,0x0000000098d80000)
 Metaspace       used 84423K, committed 86080K, reserved 1179648K
  class space    used 8172K, committed 8896K, reserved 1048576K
}
Event: 24927.145 GC heap after
{Heap after GC invocations=6332 (full 8):
 PSYoungGen      total 6656K, used 2537K [0x00000000d5580000, 0x00000000d6480000, 0x0000000100000000)
  eden space 4096K, 0% used [0x00000000d5580000,0x00000000d5580000,0x00000000d5980000)
  from space 2560K, 99% used [0x00000000d5b80000,0x00000000d5dfa7b8,0x00000000d5e00000)
  to   space 5632K, 0% used [0x00000000d5f00000,0x00000000d5f00000,0x00000000d6480000)
 ParOldGen       total 409600K, used 409266K [0x0000000080000000, 0x0000000099000000, 0x00000000d5580000)
  object space 409600K, 99% used [0x0000000080000000,0x0000000098faca48,0x0000000099000000)
 Metaspace       used 84423K, committed 86080K, reserved 1179648K
  class space    used 8172K, committed 8896K, reserved 1048576K
}
Event: 24927.164 GC heap before
{Heap before GC invocations=6333 (full 8):
 PSYoungGen      total 6656K, used 6633K [0x00000000d5580000, 0x00000000d6480000, 0x0000000100000000)
  eden space 4096K, 100% used [0x00000000d5580000,0x00000000d5980000,0x00000000d5980000)
  from space 2560K, 99% used [0x00000000d5b80000,0x00000000d5dfa7b8,0x00000000d5e00000)
  to   space 5632K, 0% used [0x00000000d5f00000,0x00000000d5f00000,0x00000000d6480000)
 ParOldGen       total 409600K, used 409266K [0x0000000080000000, 0x0000000099000000, 0x00000000d5580000)
  object space 409600K, 99% used [0x0000000080000000,0x0000000098faca48,0x0000000099000000)
 Metaspace       used 84423K, committed 86080K, reserved 1179648K
  class space    used 8172K, committed 8896K, reserved 1048576K
}
Event: 24927.167 GC heap after
{Heap after GC invocations=6333 (full 8):
 PSYoungGen      total 7168K, used 2882K [0x00000000d5580000, 0x00000000d6200000, 0x0000000100000000)
  eden space 4096K, 0% used [0x00000000d5580000,0x00000000d5580000,0x00000000d5980000)
  from space 3072K, 93% used [0x00000000d5f00000,0x00000000d61d0870,0x00000000d6200000)
  to   space 4096K, 0% used [0x00000000d5a00000,0x00000000d5a00000,0x00000000d5e00000)
 ParOldGen       total 412160K, used 411673K [0x0000000080000000, 0x0000000099280000, 0x00000000d5580000)
  object space 412160K, 99% used [0x0000000080000000,0x00000000992067b0,0x0000000099280000)
 Metaspace       used 84423K, committed 86080K, reserved 1179648K
  class space    used 8172K, committed 8896K, reserved 1048576K
}
Event: 24927.191 GC heap before
{Heap before GC invocations=6334 (full 8):
 PSYoungGen      total 7168K, used 6978K [0x00000000d5580000, 0x00000000d6200000, 0x0000000100000000)
  eden space 4096K, 100% used [0x00000000d5580000,0x00000000d5980000,0x00000000d5980000)
  from space 3072K, 93% used [0x00000000d5f00000,0x00000000d61d0870,0x00000000d6200000)
  to   space 4096K, 0% used [0x00000000d5a00000,0x00000000d5a00000,0x00000000d5e00000)
 ParOldGen       total 412160K, used 411673K [0x0000000080000000, 0x0000000099280000, 0x00000000d5580000)
  object space 412160K, 99% used [0x0000000080000000,0x00000000992067b0,0x0000000099280000)
 Metaspace       used 84423K, committed 86080K, reserved 1179648K
  class space    used 8172K, committed 8896K, reserved 1048576K
}
Event: 24927.194 GC heap after
{Heap after GC invocations=6334 (full 8):
 PSYoungGen      total 7168K, used 2903K [0x00000000d5580000, 0x00000000d5f80000, 0x0000000100000000)
  eden space 4096K, 0% used [0x00000000d5580000,0x00000000d5580000,0x00000000d5980000)
  from space 3072K, 94% used [0x00000000d5a00000,0x00000000d5cd5cb0,0x00000000d5d00000)
  to   space 2560K, 0% used [0x00000000d5d00000,0x00000000d5d00000,0x00000000d5f80000)
 ParOldGen       total 414720K, used 414372K [0x0000000080000000, 0x0000000099500000, 0x00000000d5580000)
  object space 414720K, 99% used [0x0000000080000000,0x00000000994a9028,0x0000000099500000)
 Metaspace       used 84423K, committed 86080K, reserved 1179648K
  class space    used 8172K, committed 8896K, reserved 1048576K
}
Event: 24927.222 GC heap before
{Heap before GC invocations=6335 (full 8):
 PSYoungGen      total 7168K, used 6999K [0x00000000d5580000, 0x00000000d5f80000, 0x0000000100000000)
  eden space 4096K, 100% used [0x00000000d5580000,0x00000000d5980000,0x00000000d5980000)
  from space 3072K, 94% used [0x00000000d5a00000,0x00000000d5cd5cb0,0x00000000d5d00000)
  to   space 2560K, 0% used [0x00000000d5d00000,0x00000000d5d00000,0x00000000d5f80000)
 ParOldGen       total 414720K, used 414372K [0x0000000080000000, 0x0000000099500000, 0x00000000d5580000)
  object space 414720K, 99% used [0x0000000080000000,0x00000000994a9028,0x0000000099500000)
 Metaspace       used 84423K, committed 86080K, reserved 1179648K
  class space    used 8172K, committed 8896K, reserved 1048576K
}
Event: 24927.224 GC heap after
{Heap after GC invocations=6335 (full 8):
 PSYoungGen      total 6144K, used 1593K [0x00000000d5580000, 0x00000000d5f00000, 0x0000000100000000)
  eden space 4096K, 0% used [0x00000000d5580000,0x00000000d5580000,0x00000000d5980000)
  from space 2048K, 77% used [0x00000000d5d00000,0x00000000d5e8e638,0x00000000d5f00000)
  to   space 2560K, 0% used [0x00000000d5a00000,0x00000000d5a00000,0x00000000d5c80000)
 ParOldGen       total 417280K, used 417107K [0x0000000080000000, 0x0000000099780000, 0x00000000d5580000)
  object space 417280K, 99% used [0x0000000080000000,0x0000000099754ea0,0x0000000099780000)
 Metaspace       used 84423K, committed 86080K, reserved 1179648K
  class space    used 8172K, committed 8896K, reserved 1048576K
}
Event: 24927.280 GC heap before
{Heap before GC invocations=6336 (full 8):
 PSYoungGen      total 6144K, used 5689K [0x00000000d5580000, 0x00000000d5f00000, 0x0000000100000000)
  eden space 4096K, 100% used [0x00000000d5580000,0x00000000d5980000,0x00000000d5980000)
  from space 2048K, 77% used [0x00000000d5d00000,0x00000000d5e8e638,0x00000000d5f00000)
  to   space 2560K, 0% used [0x00000000d5a00000,0x00000000d5a00000,0x00000000d5c80000)
 ParOldGen       total 417280K, used 417107K [0x0000000080000000, 0x0000000099780000, 0x00000000d5580000)
  object space 417280K, 99% used [0x0000000080000000,0x0000000099754ea0,0x0000000099780000)
 Metaspace       used 84423K, committed 86080K, reserved 1179648K
  class space    used 8172K, committed 8896K, reserved 1048576K
}
Event: 24927.282 GC heap after
{Heap after GC invocations=6336 (full 8):
 PSYoungGen      total 6656K, used 416K [0x00000000d5580000, 0x00000000d5d80000, 0x0000000100000000)
  eden space 4096K, 0% used [0x00000000d5580000,0x00000000d5580000,0x00000000d5980000)
  from space 2560K, 16% used [0x00000000d5a00000,0x00000000d5a68000,0x00000000d5c80000)
  to   space 1024K, 0% used [0x00000000d5c80000,0x00000000d5c80000,0x00000000d5d80000)
 ParOldGen       total 418304K, used 417794K [0x0000000080000000, 0x0000000099880000, 0x00000000d5580000)
  object space 418304K, 99% used [0x0000000080000000,0x0000000099800b38,0x0000000099880000)
 Metaspace       used 84423K, committed 86080K, reserved 1179648K
  class space    used 8172K, committed 8896K, reserved 1048576K
}
Event: 25220.523 GC heap before
{Heap before GC invocations=6337 (full 8):
 PSYoungGen      total 6656K, used 4512K [0x00000000d5580000, 0x00000000d5d80000, 0x0000000100000000)
  eden space 4096K, 100% used [0x00000000d5580000,0x00000000d5980000,0x00000000d5980000)
  from space 2560K, 16% used [0x00000000d5a00000,0x00000000d5a68000,0x00000000d5c80000)
  to   space 1024K, 0% used [0x00000000d5c80000,0x00000000d5c80000,0x00000000d5d80000)
 ParOldGen       total 418304K, used 417794K [0x0000000080000000, 0x0000000099880000, 0x00000000d5580000)
  object space 418304K, 99% used [0x0000000080000000,0x0000000099800b38,0x0000000099880000)
 Metaspace       used 84426K, committed 86080K, reserved 1179648K
  class space    used 8172K, committed 8896K, reserved 1048576K
}
Event: 25220.525 GC heap after
{Heap after GC invocations=6337 (full 8):
 PSYoungGen      total 4608K, used 224K [0x00000000d5580000, 0x00000000d5d00000, 0x0000000100000000)
  eden space 4096K, 0% used [0x00000000d5580000,0x00000000d5580000,0x00000000d5980000)
  from space 512K, 43% used [0x00000000d5c80000,0x00000000d5cb8000,0x00000000d5d00000)
  to   space 512K, 0% used [0x00000000d5c00000,0x00000000d5c00000,0x00000000d5c80000)
 ParOldGen       total 418304K, used 418004K [0x0000000080000000, 0x0000000099880000, 0x00000000d5580000)
  object space 418304K, 99% used [0x0000000080000000,0x0000000099835150,0x0000000099880000)
 Metaspace       used 84426K, committed 86080K, reserved 1179648K
  class space    used 8172K, committed 8896K, reserved 1048576K
}

