# JRE version: OpenJDK Runtime Environment Temurin-21.0.9+10 (21.0.9+10) (build 21.0.9+10-LTS)
# Java VM: OpenJDK 64-Bit Server VM Temurin-21.0.9+10 (21.0.9+10-LTS, mixed mode, sharing, tiered, compressed oops, compressed class ptrs, parallel gc, windows-amd64)
GC Precious Log:
 CardTable entry size: 512
 CPUs: 8 total, 8 available
 Memory: 32683M
 Large Page Support: Disabled
 NUMA Support: Disabled
 Compressed Oops: Enabled (32-bit)
 Alignments: Space 512K, Generation 512K, Heap 2M
 Heap Min Capacity: 100M
 Heap Initial Capacity: 100M
 Heap Max Capacity: 2G
 Pre-touch: Disabled
 Parallel Workers: 8
Heap:
 PSYoungGen      total 2560K, used 2368K [0x00000000d5580000, 0x00000000d5900000, 0x0000000100000000)
  eden space 2048K, 100% used [0x00000000d5580000,0x00000000d5780000,0x00000000d5780000)
  from space 512K, 62% used [0x00000000d5780000,0x00000000d57d0000,0x00000000d5800000)
  to   space 512K, 0% used [0x00000000d5880000,0x00000000d5880000,0x00000000d5900000)
 ParOldGen       total 726528K, used 726199K [0x0000000080000000, 0x00000000ac580000, 0x00000000d5580000)
  object space 726528K, 99% used [0x0000000080000000,0x00000000ac52dc98,0x00000000ac580000)
 Metaspace       used 91677K, committed 93504K, reserved 1179648K
  class space    used 8849K, committed 9728K, reserved 1048576K
GC Heap History (20 events):
Event: 5890.980 GC heap before
{Heap before GC invocations=5720 (full 10):
 PSYoungGen      total 1536K, used 1087K [0x00000000d5580000, 0x00000000d5980000, 0x0000000100000000)
  eden space 512K, 99% used [0x00000000d5580000,0x00000000d55fffe8,0x00000000d5600000)
  from space 1024K, 56% used [0x00000000d5600000,0x00000000d5690000,0x00000000d5700000)
  to   space 1536K, 0% used [0x00000000d5800000,0x00000000d5800000,0x00000000d5980000)
 ParOldGen       total 719360K, used 719085K [0x0000000080000000, 0x00000000abe80000, 0x00000000d5580000)
  object space 719360K, 99% used [0x0000000080000000,0x00000000abe3b5c8,0x00000000abe80000)
 Metaspace       used 91660K, committed 93504K, reserved 1179648K
  class space    used 8849K, committed 9728K, reserved 1048576K
}
Event: 5890.983 GC heap after
{Heap after GC invocations=5720 (full 10):
 PSYoungGen      total 2048K, used 531K [0x00000000d5580000, 0x00000000d5900000, 0x0000000100000000)
  eden space 1024K, 0% used [0x00000000d5580000,0x00000000d5580000,0x00000000d5680000)
  from space 1024K, 51% used [0x00000000d5800000,0x00000000d5884d00,0x00000000d5900000)
  to   space 1024K, 0% used [0x00000000d5700000,0x00000000d5700000,0x00000000d5800000)
 ParOldGen       total 719872K, used 719565K [0x0000000080000000, 0x00000000abf00000, 0x00000000d5580000)
  object space 719872K, 99% used [0x0000000080000000,0x00000000abeb35c8,0x00000000abf00000)
 Metaspace       used 91660K, committed 93504K, reserved 1179648K
  class space    used 8849K, committed 9728K, reserved 1048576K
}
Event: 5890.989 GC heap before
{Heap before GC invocations=5721 (full 10):
 PSYoungGen      total 2048K, used 1555K [0x00000000d5580000, 0x00000000d5900000, 0x0000000100000000)
  eden space 1024K, 100% used [0x00000000d5580000,0x00000000d5680000,0x00000000d5680000)
  from space 1024K, 51% used [0x00000000d5800000,0x00000000d5884d00,0x00000000d5900000)
  to   space 1024K, 0% used [0x00000000d5700000,0x00000000d5700000,0x00000000d5800000)
 ParOldGen       total 719872K, used 719565K [0x0000000080000000, 0x00000000abf00000, 0x00000000d5580000)
  object space 719872K, 99% used [0x0000000080000000,0x00000000abeb35c8,0x00000000abf00000)
 Metaspace       used 91661K, committed 93504K, reserved 1179648K
  class space    used 8849K, committed 9728K, reserved 1048576K
}
Event: 5890.992 GC heap after
{Heap after GC invocations=5721 (full 10):
 PSYoungGen      total 2560K, used 538K [0x00000000d5580000, 0x00000000d5900000, 0x0000000100000000)
  eden space 1536K, 0% used [0x00000000d5580000,0x00000000d5580000,0x00000000d5700000)
  from space 1024K, 52% used [0x00000000d5700000,0x00000000d5786800,0x00000000d5800000)
  to   space 1024K, 0% used [0x00000000d5800000,0x00000000d5800000,0x00000000d5900000)
 ParOldGen       total 720384K, used 719949K [0x0000000080000000, 0x00000000abf80000, 0x00000000d5580000)
  object space 720384K, 99% used [0x0000000080000000,0x00000000abf135c8,0x00000000abf80000)
 Metaspace       used 91661K, committed 93504K, reserved 1179648K
  class space    used 8849K, committed 9728K, reserved 1048576K
}
Event: 5891.005 GC heap before
{Heap before GC invocations=5722 (full 10):
 PSYoungGen      total 2560K, used 2073K [0x00000000d5580000, 0x00000000d5900000, 0x0000000100000000)
  eden space 1536K, 99% used [0x00000000d5580000,0x00000000d56ffff8,0x00000000d5700000)
  from space 1024K, 52% used [0x00000000d5700000,0x00000000d5786800,0x00000000d5800000)
  to   space 1024K, 0% used [0x00000000d5800000,0x00000000d5800000,0x00000000d5900000)
 ParOldGen       total 720384K, used 719949K [0x0000000080000000, 0x00000000abf80000, 0x00000000d5580000)
  object space 720384K, 99% used [0x0000000080000000,0x00000000abf135c8,0x00000000abf80000)
 Metaspace       used 91663K, committed 93504K, reserved 1179648K
  class space    used 8849K, committed 9728K, reserved 1048576K
}
Event: 5891.008 GC heap after
{Heap after GC invocations=5722 (full 10):
 PSYoungGen      total 1536K, used 994K [0x00000000d5580000, 0x00000000d5b80000, 0x0000000100000000)
  eden space 512K, 0% used [0x00000000d5580000,0x00000000d5580000,0x00000000d5600000)
  from space 1024K, 97% used [0x00000000d5800000,0x00000000d58f8800,0x00000000d5900000)
  to   space 2048K, 0% used [0x00000000d5600000,0x00000000d5600000,0x00000000d5800000)
 ParOldGen       total 720896K, used 720471K [0x0000000080000000, 0x00000000ac000000, 0x00000000d5580000)
  object space 720896K, 99% used [0x0000000080000000,0x00000000abf95dc8,0x00000000ac000000)
 Metaspace       used 91663K, committed 93504K, reserved 1179648K
  class space    used 8849K, committed 9728K, reserved 1048576K
}
Event: 5891.012 GC heap before
{Heap before GC invocations=5723 (full 10):
 PSYoungGen      total 1536K, used 1506K [0x00000000d5580000, 0x00000000d5b80000, 0x0000000100000000)
  eden space 512K, 100% used [0x00000000d5580000,0x00000000d5600000,0x00000000d5600000)
  from space 1024K, 97% used [0x00000000d5800000,0x00000000d58f8800,0x00000000d5900000)
  to   space 2048K, 0% used [0x00000000d5600000,0x00000000d5600000,0x00000000d5800000)
 ParOldGen       total 720896K, used 720471K [0x0000000080000000, 0x00000000ac000000, 0x00000000d5580000)
  object space 720896K, 99% used [0x0000000080000000,0x00000000abf95dc8,0x00000000ac000000)
 Metaspace       used 91663K, committed 93504K, reserved 1179648K
  class space    used 8849K, committed 9728K, reserved 1048576K
}
Event: 5891.016 GC heap after
{Heap after GC invocations=5723 (full 10):
 PSYoungGen      total 1024K, used 282K [0x00000000d5580000, 0x00000000d5880000, 0x0000000100000000)
  eden space 512K, 0% used [0x00000000d5580000,0x00000000d5580000,0x00000000d5600000)
  from space 512K, 55% used [0x00000000d5600000,0x00000000d5646900,0x00000000d5680000)
  to   space 1024K, 0% used [0x00000000d5780000,0x00000000d5780000,0x00000000d5880000)
 ParOldGen       total 721408K, used 721327K [0x0000000080000000, 0x00000000ac080000, 0x00000000d5580000)
  object space 721408K, 99% used [0x0000000080000000,0x00000000ac06bdc8,0x00000000ac080000)
 Metaspace       used 91663K, committed 93504K, reserved 1179648K
  class space    used 8849K, committed 9728K, reserved 1048576K
}
Event: 5891.018 GC heap before
{Heap before GC invocations=5724 (full 10):
 PSYoungGen      total 1024K, used 794K [0x00000000d5580000, 0x00000000d5880000, 0x0000000100000000)
  eden space 512K, 100% used [0x00000000d5580000,0x00000000d5600000,0x00000000d5600000)
  from space 512K, 55% used [0x00000000d5600000,0x00000000d5646900,0x00000000d5680000)
  to   space 1024K, 0% used [0x00000000d5780000,0x00000000d5780000,0x00000000d5880000)
 ParOldGen       total 721408K, used 721327K [0x0000000080000000, 0x00000000ac080000, 0x00000000d5580000)
  object space 721408K, 99% used [0x0000000080000000,0x00000000ac06bdc8,0x00000000ac080000)
 Metaspace       used 91663K, committed 93504K, reserved 1179648K
  class space    used 8849K, committed 9728K, reserved 1048576K
}
Event: 5891.021 GC heap after
{Heap after GC invocations=5724 (full 10):
 PSYoungGen      total 2048K, used 513K [0x00000000d5580000, 0x00000000d5880000, 0x0000000100000000)
  eden space 1024K, 0% used [0x00000000d5580000,0x00000000d5580000,0x00000000d5680000)
  from space 1024K, 50% used [0x00000000d5780000,0x00000000d5800690,0x00000000d5880000)
  to   space 1024K, 0% used [0x00000000d5680000,0x00000000d5680000,0x00000000d5780000)
 ParOldGen       total 721920K, used 721537K [0x0000000080000000, 0x00000000ac100000, 0x00000000d5580000)
  object space 721920K, 99% used [0x0000000080000000,0x00000000ac0a0448,0x00000000ac100000)
 Metaspace       used 91663K, committed 93504K, reserved 1179648K
  class space    used 8849K, committed 9728K, reserved 1048576K
}
Event: 5891.076 GC heap before
{Heap before GC invocations=5725 (full 10):
 PSYoungGen      total 2048K, used 1522K [0x00000000d5580000, 0x00000000d5880000, 0x0000000100000000)
  eden space 1024K, 98% used [0x00000000d5580000,0x00000000d567c4c0,0x00000000d5680000)
  from space 1024K, 50% used [0x00000000d5780000,0x00000000d5800690,0x00000000d5880000)
  to   space 1024K, 0% used [0x00000000d5680000,0x00000000d5680000,0x00000000d5780000)
 ParOldGen       total 724992K, used 724623K [0x0000000080000000, 0x00000000ac400000, 0x00000000d5580000)
  object space 724992K, 99% used [0x0000000080000000,0x00000000ac3a3f48,0x00000000ac400000)
 Metaspace       used 91668K, committed 93504K, reserved 1179648K
  class space    used 8849K, committed 9728K, reserved 1048576K
}
Event: 5891.081 GC heap after
{Heap after GC invocations=5725 (full 10):
 PSYoungGen      total 2048K, used 750K [0x00000000d5580000, 0x00000000d5900000, 0x0000000100000000)
  eden space 1024K, 0% used [0x00000000d5580000,0x00000000d5580000,0x00000000d5680000)
  from space 1024K, 73% used [0x00000000d5680000,0x00000000d573b938,0x00000000d5780000)
  to   space 1024K, 0% used [0x00000000d5800000,0x00000000d5800000,0x00000000d5900000)
 ParOldGen       total 725504K, used 725011K [0x0000000080000000, 0x00000000ac480000, 0x00000000d5580000)
  object space 725504K, 99% used [0x0000000080000000,0x00000000ac404f50,0x00000000ac480000)
 Metaspace       used 91668K, committed 93504K, reserved 1179648K
  class space    used 8849K, committed 9728K, reserved 1048576K
}
Event: 5891.113 GC heap before
{Heap before GC invocations=5726 (full 10):
 PSYoungGen      total 2048K, used 1774K [0x00000000d5580000, 0x00000000d5900000, 0x0000000100000000)
  eden space 1024K, 100% used [0x00000000d5580000,0x00000000d5680000,0x00000000d5680000)
  from space 1024K, 73% used [0x00000000d5680000,0x00000000d573b938,0x00000000d5780000)
  to   space 1024K, 0% used [0x00000000d5800000,0x00000000d5800000,0x00000000d5900000)
 ParOldGen       total 725504K, used 725011K [0x0000000080000000, 0x00000000ac480000, 0x00000000d5580000)
  object space 725504K, 99% used [0x0000000080000000,0x00000000ac404f50,0x00000000ac480000)
 Metaspace       used 91677K, committed 93504K, reserved 1179648K
  class space    used 8849K, committed 9728K, reserved 1048576K
}
Event: 5891.115 GC heap after
{Heap after GC invocations=5726 (full 10):
 PSYoungGen      total 2048K, used 320K [0x00000000d5580000, 0x00000000d5880000, 0x0000000100000000)
  eden space 1536K, 0% used [0x00000000d5580000,0x00000000d5580000,0x00000000d5700000)
  from space 512K, 62% used [0x00000000d5800000,0x00000000d5850000,0x00000000d5880000)
  to   space 512K, 0% used [0x00000000d5780000,0x00000000d5780000,0x00000000d5800000)
 ParOldGen       total 726016K, used 725698K [0x0000000080000000, 0x00000000ac500000, 0x00000000d5580000)
  object space 726016K, 99% used [0x0000000080000000,0x00000000ac4b0888,0x00000000ac500000)
 Metaspace       used 91677K, committed 93504K, reserved 1179648K
  class space    used 8849K, committed 9728K, reserved 1048576K
}
Event: 5891.135 GC heap before
{Heap before GC invocations=5727 (full 10):
 PSYoungGen      total 2048K, used 1850K [0x00000000d5580000, 0x00000000d5880000, 0x0000000100000000)
  eden space 1536K, 99% used [0x00000000d5580000,0x00000000d56fea18,0x00000000d5700000)
  from space 512K, 62% used [0x00000000d5800000,0x00000000d5850000,0x00000000d5880000)
  to   space 512K, 0% used [0x00000000d5780000,0x00000000d5780000,0x00000000d5800000)
 ParOldGen       total 726016K, used 725698K [0x0000000080000000, 0x00000000ac500000, 0x00000000d5580000)
  object space 726016K, 99% used [0x0000000080000000,0x00000000ac4b0888,0x00000000ac500000)
 Metaspace       used 91677K, committed 93504K, reserved 1179648K
  class space    used 8849K, committed 9728K, reserved 1048576K
}
Event: 5891.136 GC heap after
{Heap after GC invocations=5727 (full 10):
 PSYoungGen      total 2560K, used 512K [0x00000000d5580000, 0x00000000d5980000, 0x0000000100000000)
  eden space 2048K, 0% used [0x00000000d5580000,0x00000000d5580000,0x00000000d5780000)
  from space 512K, 100% used [0x00000000d5780000,0x00000000d5800000,0x00000000d5800000)
  to   space 1024K, 0% used [0x00000000d5880000,0x00000000d5880000,0x00000000d5980000)
 ParOldGen       total 726016K, used 725906K [0x0000000080000000, 0x00000000ac500000, 0x00000000d5580000)
  object space 726016K, 99% used [0x0000000080000000,0x00000000ac4e4888,0x00000000ac500000)
 Metaspace       used 91677K, committed 93504K, reserved 1179648K
  class space    used 8849K, committed 9728K, reserved 1048576K
}
Event: 5891.178 GC heap before
{Heap before GC invocations=5728 (full 10):
 PSYoungGen      total 2560K, used 2560K [0x00000000d5580000, 0x00000000d5980000, 0x0000000100000000)
  eden space 2048K, 100% used [0x00000000d5580000,0x00000000d5780000,0x00000000d5780000)
  from space 512K, 100% used [0x00000000d5780000,0x00000000d5800000,0x00000000d5800000)
  to   space 1024K, 0% used [0x00000000d5880000,0x00000000d5880000,0x00000000d5980000)
 ParOldGen       total 726016K, used 725906K [0x0000000080000000, 0x00000000ac500000, 0x00000000d5580000)
  object space 726016K, 99% used [0x0000000080000000,0x00000000ac4e4888,0x00000000ac500000)
 Metaspace       used 91677K, committed 93504K, reserved 1179648K
  class space    used 8849K, committed 9728K, reserved 1048576K
}
Event: 5891.180 GC heap after
{Heap after GC invocations=5728 (full 10):
 PSYoungGen      total 2560K, used 256K [0x00000000d5580000, 0x00000000d5900000, 0x0000000100000000)
  eden space 2048K, 0% used [0x00000000d5580000,0x00000000d5580000,0x00000000d5780000)
  from space 512K, 50% used [0x00000000d5880000,0x00000000d58c0000,0x00000000d5900000)
  to   space 512K, 0% used [0x00000000d5780000,0x00000000d5780000,0x00000000d5800000)
 ParOldGen       total 726528K, used 726098K [0x0000000080000000, 0x00000000ac580000, 0x00000000d5580000)
  object space 726528K, 99% used [0x0000000080000000,0x00000000ac514888,0x00000000ac580000)
 Metaspace       used 91677K, committed 93504K, reserved 1179648K
  class space    used 8849K, committed 9728K, reserved 1048576K
}
Event: 5891.328 GC heap before
{Heap before GC invocations=5729 (full 10):
 PSYoungGen      total 2560K, used 2304K [0x00000000d5580000, 0x00000000d5900000, 0x0000000100000000)
  eden space 2048K, 100% used [0x00000000d5580000,0x00000000d5780000,0x00000000d5780000)
  from space 512K, 50% used [0x00000000d5880000,0x00000000d58c0000,0x00000000d5900000)
  to   space 512K, 0% used [0x00000000d5780000,0x00000000d5780000,0x00000000d5800000)
 ParOldGen       total 726528K, used 726098K [0x0000000080000000, 0x00000000ac580000, 0x00000000d5580000)
  object space 726528K, 99% used [0x0000000080000000,0x00000000ac514888,0x00000000ac580000)
 Metaspace       used 91677K, committed 93504K, reserved 1179648K
  class space    used 8849K, committed 9728K, reserved 1048576K
}
Event: 5891.331 GC heap after
{Heap after GC invocations=5729 (full 10):
 PSYoungGen      total 2560K, used 320K [0x00000000d5580000, 0x00000000d5900000, 0x0000000100000000)
  eden space 2048K, 0% used [0x00000000d5580000,0x00000000d5580000,0x00000000d5780000)
  from space 512K, 62% used [0x00000000d5780000,0x00000000d57d0000,0x00000000d5800000)
  to   space 512K, 0% used [0x00000000d5880000,0x00000000d5880000,0x00000000d5900000)
 ParOldGen       total 726528K, used 726199K [0x0000000080000000, 0x00000000ac580000, 0x00000000d5580000)
  object space 726528K, 99% used [0x0000000080000000,0x00000000ac52dc98,0x00000000ac580000)
 Metaspace       used 91677K, committed 93504K, reserved 1179648K
  class space    used 8849K, committed 9728K, reserved 1048576K
}

