<?xml version="1.0" encoding="UTF-8"?>
<testsuite xmlns:xsi="http://www.w3.org/2001/XMLSchema-instance" xsi:noNamespaceSchemaLocation="https://maven.apache.org/surefire/maven-surefire-plugin/xsd/surefire-test-report.xsd" name="net.ooder.nexus.model.ResultTest" time="0.092" tests="10" errors="0" skipped="0" failures="0">
  <properties>
[...]
</properties>
  <testcase name="testSuccessWithData" classname="net.ooder.nexus.model.ResultTest" time="0.049"/>
  <testcase name="testErrorDefault" classname="net.ooder.nexus.model.ResultTest" time="0.005"/>
  <testcase name="testToString" classname="net.ooder.nexus.model.ResultTest" time="0.004"/>
  <testcase name="testSuccessWithMessageAndData" classname="net.ooder.nexus.model.ResultTest" time="0.001"/>
  <testcase name="testSettersAndGetters" classname="net.ooder.nexus.model.ResultTest" time="0.002"/>
  <testcase name="testErrorWithMessage" classname="net.ooder.nexus.model.ResultTest" time="0.001"/>
  <testcase name="testGenericType" classname="net.ooder.nexus.model.ResultTest" time="0.001"/>
  <testcase name="testErrorWithMessageAndCode" classname="net.ooder.nexus.model.ResultTest" time="0.001"/>
  <testcase name="testErrorWithMessageDataAndCode" classname="net.ooder.nexus.model.ResultTest" time="0.001"/>
  <testcase name="testSuccessWithoutData" classname="net.ooder.nexus.model.ResultTest" time="0.001"/>
</testsuite>